2013/04/01 06:57:42 [error] [php] include(Column.php): failed to open stream: No such file or directory (/Applications/MAMP/htdocs/hzb/framework/YiiBase.php:423)
Stack trace:
#0 /Applications/MAMP/htdocs/hzb/server_tm/protected/modules/admin/views/layouts/main.php(63): spl_autoload_call()
#1 /Applications/MAMP/htdocs/hzb/framework/web/CBaseController.php(127): require()
#2 /Applications/MAMP/htdocs/hzb/framework/web/CBaseController.php(96): DefaultController->renderInternal()
#3 /Applications/MAMP/htdocs/hzb/framework/web/CController.php(785): DefaultController->renderFile()
#4 /Applications/MAMP/htdocs/hzb/server_tm/protected/modules/admin/controllers/DefaultController.php(47): DefaultController->render()
#5 /Applications/MAMP/htdocs/hzb/framework/web/actions/CInlineAction.php(50): DefaultController->actionIndex()
#6 /Applications/MAMP/htdocs/hzb/framework/web/CController.php(309): CInlineAction->runWithParams()
#7 /Applications/MAMP/htdocs/hzb/framework/web/filters/CFilterChain.php(134): DefaultController->runAction()
#8 /Applications/MAMP/htdocs/hzb/framework/web/filters/CFilter.php(41): CFilterChain->run()
#9 /Applications/MAMP/htdocs/hzb/framework/web/CController.php(1146): CAccessControlFilter->filter()
#10 /Applications/MAMP/htdocs/hzb/framework/web/filters/CInlineFilter.php(59): DefaultController->filterAccessControl()
#11 /Applications/MAMP/htdocs/hzb/framework/web/filters/CFilterChain.php(131): CInlineFilter->filter()
#12 /Applications/MAMP/htdocs/hzb/framework/web/CController.php(292): CFilterChain->run()
#13 /Applications/MAMP/htdocs/hzb/framework/web/CController.php(266): DefaultController->runActionWithFilters()
#14 /Applications/MAMP/htdocs/hzb/framework/web/CWebApplication.php(283): DefaultController->run()
#15 /Applications/MAMP/htdocs/hzb/framework/web/CWebApplication.php(142): CWebApplication->runController()
#16 /Applications/MAMP/htdocs/hzb/framework/base/CApplication.php(162): CWebApplication->processRequest()
#17 /Applications/MAMP/htdocs/hzb/server_tm/index.php(13): CWebApplication->run()
REQUEST_URI=/hzb/server_tm/index.php/admin
in /Applications/MAMP/htdocs/hzb/server_tm/protected/modules/admin/views/layouts/main.php (63)
in /Applications/MAMP/htdocs/hzb/server_tm/protected/modules/admin/controllers/DefaultController.php (47)
in /Applications/MAMP/htdocs/hzb/server_tm/index.php (13)
2013/04/01 07:00:21 [error] [exception.CException] exception 'CException' with message 'Property "LoginForm.username" is not defined.' in /Applications/MAMP/htdocs/hzb/framework/base/CComponent.php:131
Stack trace:
#0 /Applications/MAMP/htdocs/hzb/framework/web/helpers/CHtml.php(2158): CComponent->__get('username')
#1 /Applications/MAMP/htdocs/hzb/framework/web/helpers/CHtml.php(1887): CHtml::resolveValue(Object(LoginForm), 'username')
#2 /Applications/MAMP/htdocs/hzb/framework/web/helpers/CHtml.php(1217): CHtml::activeInputField('text', Object(LoginForm), 'username', Array)
#3 /Applications/MAMP/htdocs/hzb/framework/web/widgets/CActiveForm.php(658): CHtml::activeTextField(Object(LoginForm), 'username', Array)
#4 /Applications/MAMP/htdocs/hzb/server_tm/protected/views/site/login.php(29): CActiveForm->textField(Object(LoginForm), 'username')
#5 /Applications/MAMP/htdocs/hzb/framework/web/CBaseController.php(127): require('/Applications/M...')
#6 /Applications/MAMP/htdocs/hzb/framework/web/CBaseController.php(96): CBaseController->renderInternal('/Applications/M...', Array, true)
#7 /Applications/MAMP/htdocs/hzb/framework/web/CController.php(870): CBaseController->renderFile('/Applications/M...', Array, true)
#8 /Applications/MAMP/htdocs/hzb/framework/web/CController.php(783): CController->renderPartial('login', Array, true)
#9 /Applications/MAMP/htdocs/hzb/server_tm/protected/controllers/SiteController.php(99): CController->render('login', Array)
#10 /Applications/MAMP/htdocs/hzb/framework/web/actions/CInlineAction.php(50): SiteController->actionLogin()
#11 /Applications/MAMP/htdocs/hzb/framework/web/CController.php(309): CInlineAction->runWithParams(Array)
#12 /Applications/MAMP/htdocs/hzb/framework/web/CController.php(287): CController->runAction(Object(CInlineAction))
#13 /Applications/MAMP/htdocs/hzb/framework/web/CController.php(266): CController->runActionWithFilters(Object(CInlineAction), Array)
#14 /Applications/MAMP/htdocs/hzb/framework/web/CWebApplication.php(283): CController->run('login')
#15 /Applications/MAMP/htdocs/hzb/framework/web/CWebApplication.php(142): CWebApplication->runController('site/login')
#16 /Applications/MAMP/htdocs/hzb/framework/base/CApplication.php(162): CWebApplication->processRequest()
#17 /Applications/MAMP/htdocs/hzb/server_tm/index.php(13): CApplication->run()
#18 {main}
REQUEST_URI=/hzb/server_tm/index.php/site/login
HTTP_REFERER=http://localhost/hzb/server_tm/index.php/admin/default/login
---
2013/04/01 07:02:54 [error] [exception.CHttpException.404] exception 'CHttpException' with message 'The system is unable to find the requested action "assets-frontend".' in /Applications/MAMP/htdocs/hzb/framework/web/CController.php:484
Stack trace:
#0 /Applications/MAMP/htdocs/hzb/framework/web/CController.php(271): CController->missingAction('assets-frontend')
#1 /Applications/MAMP/htdocs/hzb/framework/web/CWebApplication.php(283): CController->run('assets-frontend')
#2 /Applications/MAMP/htdocs/hzb/framework/web/CWebApplication.php(142): CWebApplication->runController('site/assets-fro...')
#3 /Applications/MAMP/htdocs/hzb/framework/base/CApplication.php(162): CWebApplication->processRequest()
#4 /Applications/MAMP/htdocs/hzb/server_tm/index.php(13): CApplication->run()
#5 {main}
REQUEST_URI=/hzb/server_tm/index.php/site/assets-frontend/tool/less/less.js
HTTP_REFERER=http://localhost/hzb/server_tm/index.php/site/
---
2013/04/01 07:02:54 [error] [exception.CHttpException.404] exception 'CHttpException' with message 'The system is unable to find the requested action "assets-frontend".' in /Applications/MAMP/htdocs/hzb/framework/web/CController.php:484
Stack trace:
#0 /Applications/MAMP/htdocs/hzb/framework/web/CController.php(271): CController->missingAction('assets-frontend')
#1 /Applications/MAMP/htdocs/hzb/framework/web/CWebApplication.php(283): CController->run('assets-frontend')
#2 /Applications/MAMP/htdocs/hzb/framework/web/CWebApplication.php(142): CWebApplication->runController('site/assets-fro...')
#3 /Applications/MAMP/htdocs/hzb/framework/base/CApplication.php(162): CWebApplication->processRequest()
#4 /Applications/MAMP/htdocs/hzb/server_tm/index.php(13): CApplication->run()
#5 {main}
REQUEST_URI=/hzb/server_tm/index.php/site/assets-frontend/tool/bootstrap/js/bootstrap.js
HTTP_REFERER=http://localhost/hzb/server_tm/index.php/site/
---
2013/04/01 07:02:54 [error] [exception.CHttpException.404] exception 'CHttpException' with message 'The system is unable to find the requested action "assets-frontend".' in /Applications/MAMP/htdocs/hzb/framework/web/CController.php:484
Stack trace:
#0 /Applications/MAMP/htdocs/hzb/framework/web/CController.php(271): CController->missingAction('assets-frontend')
#1 /Applications/MAMP/htdocs/hzb/framework/web/CWebApplication.php(283): CController->run('assets-frontend')
#2 /Applications/MAMP/htdocs/hzb/framework/web/CWebApplication.php(142): CWebApplication->runController('site/assets-fro...')
#3 /Applications/MAMP/htdocs/hzb/framework/base/CApplication.php(162): CWebApplication->processRequest()
#4 /Applications/MAMP/htdocs/hzb/server_tm/index.php(13): CApplication->run()
#5 {main}
REQUEST_URI=/hzb/server_tm/index.php/site/assets-frontend/img/logo_title.png
HTTP_REFERER=http://localhost/hzb/server_tm/index.php/site/
---
2013/04/01 07:02:54 [error] [exception.CHttpException.404] exception 'CHttpException' with message 'The system is unable to find the requested action "assets-frontend".' in /Applications/MAMP/htdocs/hzb/framework/web/CController.php:484
Stack trace:
#0 /Applications/MAMP/htdocs/hzb/framework/web/CController.php(271): CController->missingAction('assets-frontend')
#1 /Applications/MAMP/htdocs/hzb/framework/web/CWebApplication.php(283): CController->run('assets-frontend')
#2 /Applications/MAMP/htdocs/hzb/framework/web/CWebApplication.php(142): CWebApplication->runController('site/assets-fro...')
#3 /Applications/MAMP/htdocs/hzb/framework/base/CApplication.php(162): CWebApplication->processRequest()
#4 /Applications/MAMP/htdocs/hzb/server_tm/index.php(13): CApplication->run()
#5 {main}
REQUEST_URI=/hzb/server_tm/index.php/site/assets-frontend/img/logo_pic.png
HTTP_REFERER=http://localhost/hzb/server_tm/index.php/site/
---
2013/04/01 07:02:54 [error] [exception.CHttpException.404] exception 'CHttpException' with message 'The system is unable to find the requested action "assets-frontend".' in /Applications/MAMP/htdocs/hzb/framework/web/CController.php:484
Stack trace:
#0 /Applications/MAMP/htdocs/hzb/framework/web/CController.php(271): CController->missingAction('assets-frontend')
#1 /Applications/MAMP/htdocs/hzb/framework/web/CWebApplication.php(283): CController->run('assets-frontend')
#2 /Applications/MAMP/htdocs/hzb/framework/web/CWebApplication.php(142): CWebApplication->runController('site/assets-fro...')
#3 /Applications/MAMP/htdocs/hzb/framework/base/CApplication.php(162): CWebApplication->processRequest()
#4 /Applications/MAMP/htdocs/hzb/server_tm/index.php(13): CApplication->run()
#5 {main}
REQUEST_URI=/hzb/server_tm/index.php/site/assets-frontend/js/app.js
HTTP_REFERER=http://localhost/hzb/server_tm/index.php/site/
---
2013/04/01 07:02:54 [error] [exception.CHttpException.404] exception 'CHttpException' with message 'The system is unable to find the requested action "assets-frontend".' in /Applications/MAMP/htdocs/hzb/framework/web/CController.php:484
Stack trace:
#0 /Applications/MAMP/htdocs/hzb/framework/web/CController.php(271): CController->missingAction('assets-frontend')
#1 /Applications/MAMP/htdocs/hzb/framework/web/CWebApplication.php(283): CController->run('assets-frontend')
#2 /Applications/MAMP/htdocs/hzb/framework/web/CWebApplication.php(142): CWebApplication->runController('site/assets-fro...')
#3 /Applications/MAMP/htdocs/hzb/framework/base/CApplication.php(162): CWebApplication->processRequest()
#4 /Applications/MAMP/htdocs/hzb/server_tm/index.php(13): CApplication->run()
#5 {main}
REQUEST_URI=/hzb/server_tm/index.php/site/assets-frontend/tool/jquery/jquery.js
HTTP_REFERER=http://localhost/hzb/server_tm/index.php/site/
---
2013/04/01 07:02:54 [error] [exception.CHttpException.404] exception 'CHttpException' with message 'The system is unable to find the requested action "assets-frontend".' in /Applications/MAMP/htdocs/hzb/framework/web/CController.php:484
Stack trace:
#0 /Applications/MAMP/htdocs/hzb/framework/web/CController.php(271): CController->missingAction('assets-frontend')
#1 /Applications/MAMP/htdocs/hzb/framework/web/CWebApplication.php(283): CController->run('assets-frontend')
#2 /Applications/MAMP/htdocs/hzb/framework/web/CWebApplication.php(142): CWebApplication->runController('site/assets-fro...')
#3 /Applications/MAMP/htdocs/hzb/framework/base/CApplication.php(162): CWebApplication->processRequest()
#4 /Applications/MAMP/htdocs/hzb/server_tm/index.php(13): CApplication->run()
#5 {main}
REQUEST_URI=/hzb/server_tm/index.php/site/assets-frontend/img/name_home.png
HTTP_REFERER=http://localhost/hzb/server_tm/index.php/site/
---
2013/04/01 07:02:54 [error] [exception.CHttpException.404] exception 'CHttpException' with message 'The system is unable to find the requested action "assets-frontend".' in /Applications/MAMP/htdocs/hzb/framework/web/CController.php:484
Stack trace:
#0 /Applications/MAMP/htdocs/hzb/framework/web/CController.php(271): CController->missingAction('assets-frontend')
#1 /Applications/MAMP/htdocs/hzb/framework/web/CWebApplication.php(283): CController->run('assets-frontend')
#2 /Applications/MAMP/htdocs/hzb/framework/web/CWebApplication.php(142): CWebApplication->runController('site/assets-fro...')
#3 /Applications/MAMP/htdocs/hzb/framework/base/CApplication.php(162): CWebApplication->processRequest()
#4 /Applications/MAMP/htdocs/hzb/server_tm/index.php(13): CApplication->run()
#5 {main}
REQUEST_URI=/hzb/server_tm/index.php/site/assets-frontend/img/name_jianshe.png
HTTP_REFERER=http://localhost/hzb/server_tm/index.php/site/
---
2013/04/01 07:02:54 [error] [exception.CHttpException.404] exception 'CHttpException' with message 'The system is unable to find the requested action "assets-frontend".' in /Applications/MAMP/htdocs/hzb/framework/web/CController.php:484
Stack trace:
#0 /Applications/MAMP/htdocs/hzb/framework/web/CController.php(271): CController->missingAction('assets-frontend')
#1 /Applications/MAMP/htdocs/hzb/framework/web/CWebApplication.php(283): CController->run('assets-frontend')
#2 /Applications/MAMP/htdocs/hzb/framework/web/CWebApplication.php(142): CWebApplication->runController('site/assets-fro...')
#3 /Applications/MAMP/htdocs/hzb/framework/base/CApplication.php(162): CWebApplication->processRequest()
#4 /Applications/MAMP/htdocs/hzb/server_tm/index.php(13): CApplication->run()
#5 {main}
REQUEST_URI=/hzb/server_tm/index.php/site/assets-frontend/img/name_shizi.png
HTTP_REFERER=http://localhost/hzb/server_tm/index.php/site/
---
2013/04/01 07:02:54 [error] [exception.CHttpException.404] exception 'CHttpException' with message 'The system is unable to find the requested action "assets-frontend".' in /Applications/MAMP/htdocs/hzb/framework/web/CController.php:484
Stack trace:
#0 /Applications/MAMP/htdocs/hzb/framework/web/CController.php(271): CController->missingAction('assets-frontend')
#1 /Applications/MAMP/htdocs/hzb/framework/web/CWebApplication.php(283): CController->run('assets-frontend')
#2 /Applications/MAMP/htdocs/hzb/framework/web/CWebApplication.php(142): CWebApplication->runController('site/assets-fro...')
#3 /Applications/MAMP/htdocs/hzb/framework/base/CApplication.php(162): CWebApplication->processRequest()
#4 /Applications/MAMP/htdocs/hzb/server_tm/index.php(13): CApplication->run()
#5 {main}
REQUEST_URI=/hzb/server_tm/index.php/site/assets-frontend/img/name_jiaocai.png
HTTP_REFERER=http://localhost/hzb/server_tm/index.php/site/
---
2013/04/01 07:02:54 [error] [exception.CHttpException.404] exception 'CHttpException' with message 'The system is unable to find the requested action "assets-frontend".' in /Applications/MAMP/htdocs/hzb/framework/web/CController.php:484
Stack trace:
#0 /Applications/MAMP/htdocs/hzb/framework/web/CController.php(271): CController->missingAction('assets-frontend')
#1 /Applications/MAMP/htdocs/hzb/framework/web/CWebApplication.php(283): CController->run('assets-frontend')
#2 /Applications/MAMP/htdocs/hzb/framework/web/CWebApplication.php(142): CWebApplication->runController('site/assets-fro...')
#3 /Applications/MAMP/htdocs/hzb/framework/base/CApplication.php(162): CWebApplication->processRequest()
#4 /Applications/MAMP/htdocs/hzb/server_tm/index.php(13): CApplication->run()
#5 {main}
REQUEST_URI=/hzb/server_tm/index.php/site/assets-frontend/img/name_ketang.png
HTTP_REFERER=http://localhost/hzb/server_tm/index.php/site/
---
2013/04/01 07:02:54 [error] [exception.CHttpException.404] exception 'CHttpException' with message 'The system is unable to find the requested action "assets-frontend".' in /Applications/MAMP/htdocs/hzb/framework/web/CController.php:484
Stack trace:
#0 /Applications/MAMP/htdocs/hzb/framework/web/CController.php(271): CController->missingAction('assets-frontend')
#1 /Applications/MAMP/htdocs/hzb/framework/web/CWebApplication.php(283): CController->run('assets-frontend')
#2 /Applications/MAMP/htdocs/hzb/framework/web/CWebApplication.php(142): CWebApplication->runController('site/assets-fro...')
#3 /Applications/MAMP/htdocs/hzb/framework/base/CApplication.php(162): CWebApplication->processRequest()
#4 /Applications/MAMP/htdocs/hzb/server_tm/index.php(13): CApplication->run()
#5 {main}
REQUEST_URI=/hzb/server_tm/index.php/site/assets-frontend/img/name_kejian.png
HTTP_REFERER=http://localhost/hzb/server_tm/index.php/site/
---
2013/04/01 07:02:54 [error] [exception.CHttpException.404] exception 'CHttpException' with message 'The system is unable to find the requested action "assets-frontend".' in /Applications/MAMP/htdocs/hzb/framework/web/CController.php:484
Stack trace:
#0 /Applications/MAMP/htdocs/hzb/framework/web/CController.php(271): CController->missingAction('assets-frontend')
#1 /Applications/MAMP/htdocs/hzb/framework/web/CWebApplication.php(283): CController->run('assets-frontend')
#2 /Applications/MAMP/htdocs/hzb/framework/web/CWebApplication.php(142): CWebApplication->runController('site/assets-fro...')
#3 /Applications/MAMP/htdocs/hzb/framework/base/CApplication.php(162): CWebApplication->processRequest()
#4 /Applications/MAMP/htdocs/hzb/server_tm/index.php(13): CApplication->run()
#5 {main}
REQUEST_URI=/hzb/server_tm/index.php/site/assets-frontend/img/nav_download.png
HTTP_REFERER=http://localhost/hzb/server_tm/index.php/site/
---
2013/04/01 07:02:54 [error] [exception.CHttpException.404] exception 'CHttpException' with message 'The system is unable to find the requested action "assets-frontend".' in /Applications/MAMP/htdocs/hzb/framework/web/CController.php:484
Stack trace:
#0 /Applications/MAMP/htdocs/hzb/framework/web/CController.php(271): CController->missingAction('assets-frontend')
#1 /Applications/MAMP/htdocs/hzb/framework/web/CWebApplication.php(283): CController->run('assets-frontend')
#2 /Applications/MAMP/htdocs/hzb/framework/web/CWebApplication.php(142): CWebApplication->runController('site/assets-fro...')
#3 /Applications/MAMP/htdocs/hzb/framework/base/CApplication.php(162): CWebApplication->processRequest()
#4 /Applications/MAMP/htdocs/hzb/server_tm/index.php(13): CApplication->run()
#5 {main}
REQUEST_URI=/hzb/server_tm/index.php/site/assets-frontend/img/name_dagang.png
HTTP_REFERER=http://localhost/hzb/server_tm/index.php/site/
---
2013/04/01 07:02:54 [error] [exception.CHttpException.404] exception 'CHttpException' with message 'The system is unable to find the requested action "assets-frontend".' in /Applications/MAMP/htdocs/hzb/framework/web/CController.php:484
Stack trace:
#0 /Applications/MAMP/htdocs/hzb/framework/web/CController.php(271): CController->missingAction('assets-frontend')
#1 /Applications/MAMP/htdocs/hzb/framework/web/CWebApplication.php(283): CController->run('assets-frontend')
#2 /Applications/MAMP/htdocs/hzb/framework/web/CWebApplication.php(142): CWebApplication->runController('site/assets-fro...')
#3 /Applications/MAMP/htdocs/hzb/framework/base/CApplication.php(162): CWebApplication->processRequest()
#4 /Applications/MAMP/htdocs/hzb/server_tm/index.php(13): CApplication->run()
#5 {main}
REQUEST_URI=/hzb/server_tm/index.php/site/assets-frontend/img/nav_contact.png
HTTP_REFERER=http://localhost/hzb/server_tm/index.php/site/
---
2013/04/01 07:02:58 [error] [exception.CHttpException.404] exception 'CHttpException' with message 'The system is unable to find the requested action "assets-frontend".' in /Applications/MAMP/htdocs/hzb/framework/web/CController.php:484
Stack trace:
#0 /Applications/MAMP/htdocs/hzb/framework/web/CController.php(271): CController->missingAction('assets-frontend')
#1 /Applications/MAMP/htdocs/hzb/framework/web/CWebApplication.php(283): CController->run('assets-frontend')
#2 /Applications/MAMP/htdocs/hzb/framework/web/CWebApplication.php(142): CWebApplication->runController('site/assets-fro...')
#3 /Applications/MAMP/htdocs/hzb/framework/base/CApplication.php(162): CWebApplication->processRequest()
#4 /Applications/MAMP/htdocs/hzb/server_tm/index.php(13): CApplication->run()
#5 {main}
REQUEST_URI=/hzb/server_tm/index.php/site/assets-frontend/tool/jquery/jquery.js
HTTP_REFERER=http://localhost/hzb/server_tm/index.php/site/
---
2013/04/01 07:02:58 [error] [exception.CHttpException.404] exception 'CHttpException' with message 'The system is unable to find the requested action "assets-frontend".' in /Applications/MAMP/htdocs/hzb/framework/web/CController.php:484
Stack trace:
#0 /Applications/MAMP/htdocs/hzb/framework/web/CController.php(271): CController->missingAction('assets-frontend')
#1 /Applications/MAMP/htdocs/hzb/framework/web/CWebApplication.php(283): CController->run('assets-frontend')
#2 /Applications/MAMP/htdocs/hzb/framework/web/CWebApplication.php(142): CWebApplication->runController('site/assets-fro...')
#3 /Applications/MAMP/htdocs/hzb/framework/base/CApplication.php(162): CWebApplication->processRequest()
#4 /Applications/MAMP/htdocs/hzb/server_tm/index.php(13): CApplication->run()
#5 {main}
REQUEST_URI=/hzb/server_tm/index.php/site/assets-frontend/tool/less/less.js
HTTP_REFERER=http://localhost/hzb/server_tm/index.php/site/
---
2013/04/01 07:02:58 [error] [exception.CHttpException.404] exception 'CHttpException' with message 'The system is unable to find the requested action "assets-frontend".' in /Applications/MAMP/htdocs/hzb/framework/web/CController.php:484
Stack trace:
#0 /Applications/MAMP/htdocs/hzb/framework/web/CController.php(271): CController->missingAction('assets-frontend')
#1 /Applications/MAMP/htdocs/hzb/framework/web/CWebApplication.php(283): CController->run('assets-frontend')
#2 /Applications/MAMP/htdocs/hzb/framework/web/CWebApplication.php(142): CWebApplication->runController('site/assets-fro...')
#3 /Applications/MAMP/htdocs/hzb/framework/base/CApplication.php(162): CWebApplication->processRequest()
#4 /Applications/MAMP/htdocs/hzb/server_tm/index.php(13): CApplication->run()
#5 {main}
REQUEST_URI=/hzb/server_tm/index.php/site/assets-frontend/js/app.js
HTTP_REFERER=http://localhost/hzb/server_tm/index.php/site/
---
2013/04/01 07:02:58 [error] [exception.CHttpException.404] exception 'CHttpException' with message 'The system is unable to find the requested action "assets-frontend".' in /Applications/MAMP/htdocs/hzb/framework/web/CController.php:484
Stack trace:
#0 /Applications/MAMP/htdocs/hzb/framework/web/CController.php(271): CController->missingAction('assets-frontend')
#1 /Applications/MAMP/htdocs/hzb/framework/web/CWebApplication.php(283): CController->run('assets-frontend')
#2 /Applications/MAMP/htdocs/hzb/framework/web/CWebApplication.php(142): CWebApplication->runController('site/assets-fro...')
#3 /Applications/MAMP/htdocs/hzb/framework/base/CApplication.php(162): CWebApplication->processRequest()
#4 /Applications/MAMP/htdocs/hzb/server_tm/index.php(13): CApplication->run()
#5 {main}
REQUEST_URI=/hzb/server_tm/index.php/site/assets-frontend/tool/bootstrap/js/bootstrap.js
HTTP_REFERER=http://localhost/hzb/server_tm/index.php/site/
---
2013/04/01 07:02:58 [error] [exception.CHttpException.404] exception 'CHttpException' with message 'The system is unable to find the requested action "assets-frontend".' in /Applications/MAMP/htdocs/hzb/framework/web/CController.php:484
Stack trace:
#0 /Applications/MAMP/htdocs/hzb/framework/web/CController.php(271): CController->missingAction('assets-frontend')
#1 /Applications/MAMP/htdocs/hzb/framework/web/CWebApplication.php(283): CController->run('assets-frontend')
#2 /Applications/MAMP/htdocs/hzb/framework/web/CWebApplication.php(142): CWebApplication->runController('site/assets-fro...')
#3 /Applications/MAMP/htdocs/hzb/framework/base/CApplication.php(162): CWebApplication->processRequest()
#4 /Applications/MAMP/htdocs/hzb/server_tm/index.php(13): CApplication->run()
#5 {main}
REQUEST_URI=/hzb/server_tm/index.php/site/assets-frontend/img/logo_title.png
HTTP_REFERER=http://localhost/hzb/server_tm/index.php/site/
---
2013/04/01 07:02:58 [error] [exception.CHttpException.404] exception 'CHttpException' with message 'The system is unable to find the requested action "assets-frontend".' in /Applications/MAMP/htdocs/hzb/framework/web/CController.php:484
Stack trace:
#0 /Applications/MAMP/htdocs/hzb/framework/web/CController.php(271): CController->missingAction('assets-frontend')
#1 /Applications/MAMP/htdocs/hzb/framework/web/CWebApplication.php(283): CController->run('assets-frontend')
#2 /Applications/MAMP/htdocs/hzb/framework/web/CWebApplication.php(142): CWebApplication->runController('site/assets-fro...')
#3 /Applications/MAMP/htdocs/hzb/framework/base/CApplication.php(162): CWebApplication->processRequest()
#4 /Applications/MAMP/htdocs/hzb/server_tm/index.php(13): CApplication->run()
#5 {main}
REQUEST_URI=/hzb/server_tm/index.php/site/assets-frontend/img/logo_pic.png
HTTP_REFERER=http://localhost/hzb/server_tm/index.php/site/
---
2013/04/01 07:02:58 [error] [exception.CHttpException.404] exception 'CHttpException' with message 'The system is unable to find the requested action "assets-frontend".' in /Applications/MAMP/htdocs/hzb/framework/web/CController.php:484
Stack trace:
#0 /Applications/MAMP/htdocs/hzb/framework/web/CController.php(271): CController->missingAction('assets-frontend')
#1 /Applications/MAMP/htdocs/hzb/framework/web/CWebApplication.php(283): CController->run('assets-frontend')
#2 /Applications/MAMP/htdocs/hzb/framework/web/CWebApplication.php(142): CWebApplication->runController('site/assets-fro...')
#3 /Applications/MAMP/htdocs/hzb/framework/base/CApplication.php(162): CWebApplication->processRequest()
#4 /Applications/MAMP/htdocs/hzb/server_tm/index.php(13): CApplication->run()
#5 {main}
REQUEST_URI=/hzb/server_tm/index.php/site/assets-frontend/img/name_home.png
HTTP_REFERER=http://localhost/hzb/server_tm/index.php/site/
---
2013/04/01 07:02:58 [error] [exception.CHttpException.404] exception 'CHttpException' with message 'The system is unable to find the requested action "assets-frontend".' in /Applications/MAMP/htdocs/hzb/framework/web/CController.php:484
Stack trace:
#0 /Applications/MAMP/htdocs/hzb/framework/web/CController.php(271): CController->missingAction('assets-frontend')
#1 /Applications/MAMP/htdocs/hzb/framework/web/CWebApplication.php(283): CController->run('assets-frontend')
#2 /Applications/MAMP/htdocs/hzb/framework/web/CWebApplication.php(142): CWebApplication->runController('site/assets-fro...')
#3 /Applications/MAMP/htdocs/hzb/framework/base/CApplication.php(162): CWebApplication->processRequest()
#4 /Applications/MAMP/htdocs/hzb/server_tm/index.php(13): CApplication->run()
#5 {main}
REQUEST_URI=/hzb/server_tm/index.php/site/assets-frontend/img/name_shizi.png
HTTP_REFERER=http://localhost/hzb/server_tm/index.php/site/
---
2013/04/01 07:02:58 [error] [exception.CHttpException.404] exception 'CHttpException' with message 'The system is unable to find the requested action "assets-frontend".' in /Applications/MAMP/htdocs/hzb/framework/web/CController.php:484
Stack trace:
#0 /Applications/MAMP/htdocs/hzb/framework/web/CController.php(271): CController->missingAction('assets-frontend')
#1 /Applications/MAMP/htdocs/hzb/framework/web/CWebApplication.php(283): CController->run('assets-frontend')
#2 /Applications/MAMP/htdocs/hzb/framework/web/CWebApplication.php(142): CWebApplication->runController('site/assets-fro...')
#3 /Applications/MAMP/htdocs/hzb/framework/base/CApplication.php(162): CWebApplication->processRequest()
#4 /Applications/MAMP/htdocs/hzb/server_tm/index.php(13): CApplication->run()
#5 {main}
REQUEST_URI=/hzb/server_tm/index.php/site/assets-frontend/img/name_ketang.png
HTTP_REFERER=http://localhost/hzb/server_tm/index.php/site/
---
2013/04/01 07:02:58 [error] [exception.CHttpException.404] exception 'CHttpException' with message 'The system is unable to find the requested action "assets-frontend".' in /Applications/MAMP/htdocs/hzb/framework/web/CController.php:484
Stack trace:
#0 /Applications/MAMP/htdocs/hzb/framework/web/CController.php(271): CController->missingAction('assets-frontend')
#1 /Applications/MAMP/htdocs/hzb/framework/web/CWebApplication.php(283): CController->run('assets-frontend')
#2 /Applications/MAMP/htdocs/hzb/framework/web/CWebApplication.php(142): CWebApplication->runController('site/assets-fro...')
#3 /Applications/MAMP/htdocs/hzb/framework/base/CApplication.php(162): CWebApplication->processRequest()
#4 /Applications/MAMP/htdocs/hzb/server_tm/index.php(13): CApplication->run()
#5 {main}
REQUEST_URI=/hzb/server_tm/index.php/site/assets-frontend/img/name_dagang.png
HTTP_REFERER=http://localhost/hzb/server_tm/index.php/site/
---
2013/04/01 07:02:58 [error] [exception.CHttpException.404] exception 'CHttpException' with message 'The system is unable to find the requested action "assets-frontend".' in /Applications/MAMP/htdocs/hzb/framework/web/CController.php:484
Stack trace:
#0 /Applications/MAMP/htdocs/hzb/framework/web/CController.php(271): CController->missingAction('assets-frontend')
#1 /Applications/MAMP/htdocs/hzb/framework/web/CWebApplication.php(283): CController->run('assets-frontend')
#2 /Applications/MAMP/htdocs/hzb/framework/web/CWebApplication.php(142): CWebApplication->runController('site/assets-fro...')
#3 /Applications/MAMP/htdocs/hzb/framework/base/CApplication.php(162): CWebApplication->processRequest()
#4 /Applications/MAMP/htdocs/hzb/server_tm/index.php(13): CApplication->run()
#5 {main}
REQUEST_URI=/hzb/server_tm/index.php/site/assets-frontend/img/name_jiaocai.png
HTTP_REFERER=http://localhost/hzb/server_tm/index.php/site/
---
2013/04/01 07:02:58 [error] [exception.CHttpException.404] exception 'CHttpException' with message 'The system is unable to find the requested action "assets-frontend".' in /Applications/MAMP/htdocs/hzb/framework/web/CController.php:484
Stack trace:
#0 /Applications/MAMP/htdocs/hzb/framework/web/CController.php(271): CController->missingAction('assets-frontend')
#1 /Applications/MAMP/htdocs/hzb/framework/web/CWebApplication.php(283): CController->run('assets-frontend')
#2 /Applications/MAMP/htdocs/hzb/framework/web/CWebApplication.php(142): CWebApplication->runController('site/assets-fro...')
#3 /Applications/MAMP/htdocs/hzb/framework/base/CApplication.php(162): CWebApplication->processRequest()
#4 /Applications/MAMP/htdocs/hzb/server_tm/index.php(13): CApplication->run()
#5 {main}
REQUEST_URI=/hzb/server_tm/index.php/site/assets-frontend/img/name_jianshe.png
HTTP_REFERER=http://localhost/hzb/server_tm/index.php/site/
---
2013/04/01 07:02:58 [error] [exception.CHttpException.404] exception 'CHttpException' with message 'The system is unable to find the requested action "assets-frontend".' in /Applications/MAMP/htdocs/hzb/framework/web/CController.php:484
Stack trace:
#0 /Applications/MAMP/htdocs/hzb/framework/web/CController.php(271): CController->missingAction('assets-frontend')
#1 /Applications/MAMP/htdocs/hzb/framework/web/CWebApplication.php(283): CController->run('assets-frontend')
#2 /Applications/MAMP/htdocs/hzb/framework/web/CWebApplication.php(142): CWebApplication->runController('site/assets-fro...')
#3 /Applications/MAMP/htdocs/hzb/framework/base/CApplication.php(162): CWebApplication->processRequest()
#4 /Applications/MAMP/htdocs/hzb/server_tm/index.php(13): CApplication->run()
#5 {main}
REQUEST_URI=/hzb/server_tm/index.php/site/assets-frontend/img/name_kejian.png
HTTP_REFERER=http://localhost/hzb/server_tm/index.php/site/
---
2013/04/01 07:02:58 [error] [exception.CHttpException.404] exception 'CHttpException' with message 'The system is unable to find the requested action "assets-frontend".' in /Applications/MAMP/htdocs/hzb/framework/web/CController.php:484
Stack trace:
#0 /Applications/MAMP/htdocs/hzb/framework/web/CController.php(271): CController->missingAction('assets-frontend')
#1 /Applications/MAMP/htdocs/hzb/framework/web/CWebApplication.php(283): CController->run('assets-frontend')
#2 /Applications/MAMP/htdocs/hzb/framework/web/CWebApplication.php(142): CWebApplication->runController('site/assets-fro...')
#3 /Applications/MAMP/htdocs/hzb/framework/base/CApplication.php(162): CWebApplication->processRequest()
#4 /Applications/MAMP/htdocs/hzb/server_tm/index.php(13): CApplication->run()
#5 {main}
REQUEST_URI=/hzb/server_tm/index.php/site/assets-frontend/img/nav_contact.png
HTTP_REFERER=http://localhost/hzb/server_tm/index.php/site/
---
2013/04/01 07:02:58 [error] [exception.CHttpException.404] exception 'CHttpException' with message 'The system is unable to find the requested action "assets-frontend".' in /Applications/MAMP/htdocs/hzb/framework/web/CController.php:484
Stack trace:
#0 /Applications/MAMP/htdocs/hzb/framework/web/CController.php(271): CController->missingAction('assets-frontend')
#1 /Applications/MAMP/htdocs/hzb/framework/web/CWebApplication.php(283): CController->run('assets-frontend')
#2 /Applications/MAMP/htdocs/hzb/framework/web/CWebApplication.php(142): CWebApplication->runController('site/assets-fro...')
#3 /Applications/MAMP/htdocs/hzb/framework/base/CApplication.php(162): CWebApplication->processRequest()
#4 /Applications/MAMP/htdocs/hzb/server_tm/index.php(13): CApplication->run()
#5 {main}
REQUEST_URI=/hzb/server_tm/index.php/site/assets-frontend/img/nav_download.png
HTTP_REFERER=http://localhost/hzb/server_tm/index.php/site/
---
2013/04/01 07:03:18 [error] [exception.CException] exception 'CException' with message 'Property "LoginForm.username" is not defined.' in /Applications/MAMP/htdocs/hzb/framework/base/CComponent.php:131
Stack trace:
#0 /Applications/MAMP/htdocs/hzb/framework/web/helpers/CHtml.php(2158): CComponent->__get('username')
#1 /Applications/MAMP/htdocs/hzb/framework/web/helpers/CHtml.php(1887): CHtml::resolveValue(Object(LoginForm), 'username')
#2 /Applications/MAMP/htdocs/hzb/framework/web/helpers/CHtml.php(1217): CHtml::activeInputField('text', Object(LoginForm), 'username', Array)
#3 /Applications/MAMP/htdocs/hzb/framework/web/widgets/CActiveForm.php(658): CHtml::activeTextField(Object(LoginForm), 'username', Array)
#4 /Applications/MAMP/htdocs/hzb/server_tm/protected/views/site/login.php(29): CActiveForm->textField(Object(LoginForm), 'username')
#5 /Applications/MAMP/htdocs/hzb/framework/web/CBaseController.php(127): require('/Applications/M...')
#6 /Applications/MAMP/htdocs/hzb/framework/web/CBaseController.php(96): CBaseController->renderInternal('/Applications/M...', Array, true)
#7 /Applications/MAMP/htdocs/hzb/framework/web/CController.php(870): CBaseController->renderFile('/Applications/M...', Array, true)
#8 /Applications/MAMP/htdocs/hzb/framework/web/CController.php(783): CController->renderPartial('login', Array, true)
#9 /Applications/MAMP/htdocs/hzb/server_tm/protected/controllers/SiteController.php(99): CController->render('login', Array)
#10 /Applications/MAMP/htdocs/hzb/framework/web/actions/CInlineAction.php(50): SiteController->actionLogin()
#11 /Applications/MAMP/htdocs/hzb/framework/web/CController.php(309): CInlineAction->runWithParams(Array)
#12 /Applications/MAMP/htdocs/hzb/framework/web/CController.php(287): CController->runAction(Object(CInlineAction))
#13 /Applications/MAMP/htdocs/hzb/framework/web/CController.php(266): CController->runActionWithFilters(Object(CInlineAction), Array)
#14 /Applications/MAMP/htdocs/hzb/framework/web/CWebApplication.php(283): CController->run('login')
#15 /Applications/MAMP/htdocs/hzb/framework/web/CWebApplication.php(142): CWebApplication->runController('site/login')
#16 /Applications/MAMP/htdocs/hzb/framework/base/CApplication.php(162): CWebApplication->processRequest()
#17 /Applications/MAMP/htdocs/hzb/server_tm/index.php(13): CApplication->run()
#18 {main}
REQUEST_URI=/hzb/server_tm/index.php/site/login
HTTP_REFERER=http://localhost/hzb/server_tm/index.php/admin/default/login
---
2013/04/01 07:04:51 [error] [exception.CHttpException.404] exception 'CHttpException' with message 'The system is unable to find the requested action "assets-frontend".' in /Applications/MAMP/htdocs/hzb/framework/web/CController.php:484
Stack trace:
#0 /Applications/MAMP/htdocs/hzb/framework/web/CController.php(271): CController->missingAction('assets-frontend')
#1 /Applications/MAMP/htdocs/hzb/framework/web/CWebApplication.php(283): CController->run('assets-frontend')
#2 /Applications/MAMP/htdocs/hzb/framework/web/CWebApplication.php(142): CWebApplication->runController('site/assets-fro...')
#3 /Applications/MAMP/htdocs/hzb/framework/base/CApplication.php(162): CWebApplication->processRequest()
#4 /Applications/MAMP/htdocs/hzb/server_tm/index.php(13): CApplication->run()
#5 {main}
REQUEST_URI=/hzb/server_tm/index.php/site/assets-frontend/tool/less/less.js
HTTP_REFERER=http://localhost/hzb/server_tm/index.php/site/index
---
2013/04/01 07:04:51 [error] [exception.CHttpException.404] exception 'CHttpException' with message 'The system is unable to find the requested action "assets-frontend".' in /Applications/MAMP/htdocs/hzb/framework/web/CController.php:484
Stack trace:
#0 /Applications/MAMP/htdocs/hzb/framework/web/CController.php(271): CController->missingAction('assets-frontend')
#1 /Applications/MAMP/htdocs/hzb/framework/web/CWebApplication.php(283): CController->run('assets-frontend')
#2 /Applications/MAMP/htdocs/hzb/framework/web/CWebApplication.php(142): CWebApplication->runController('site/assets-fro...')
#3 /Applications/MAMP/htdocs/hzb/framework/base/CApplication.php(162): CWebApplication->processRequest()
#4 /Applications/MAMP/htdocs/hzb/server_tm/index.php(13): CApplication->run()
#5 {main}
REQUEST_URI=/hzb/server_tm/index.php/site/assets-frontend/tool/jquery/jquery.js
HTTP_REFERER=http://localhost/hzb/server_tm/index.php/site/index
---
2013/04/01 07:04:51 [error] [exception.CHttpException.404] exception 'CHttpException' with message 'The system is unable to find the requested action "assets-frontend".' in /Applications/MAMP/htdocs/hzb/framework/web/CController.php:484
Stack trace:
#0 /Applications/MAMP/htdocs/hzb/framework/web/CController.php(271): CController->missingAction('assets-frontend')
#1 /Applications/MAMP/htdocs/hzb/framework/web/CWebApplication.php(283): CController->run('assets-frontend')
#2 /Applications/MAMP/htdocs/hzb/framework/web/CWebApplication.php(142): CWebApplication->runController('site/assets-fro...')
#3 /Applications/MAMP/htdocs/hzb/framework/base/CApplication.php(162): CWebApplication->processRequest()
#4 /Applications/MAMP/htdocs/hzb/server_tm/index.php(13): CApplication->run()
#5 {main}
REQUEST_URI=/hzb/server_tm/index.php/site/assets-frontend/img/logo_pic.png
HTTP_REFERER=http://localhost/hzb/server_tm/index.php/site/index
---
2013/04/01 07:04:51 [error] [exception.CHttpException.404] exception 'CHttpException' with message 'The system is unable to find the requested action "assets-frontend".' in /Applications/MAMP/htdocs/hzb/framework/web/CController.php:484
Stack trace:
#0 /Applications/MAMP/htdocs/hzb/framework/web/CController.php(271): CController->missingAction('assets-frontend')
#1 /Applications/MAMP/htdocs/hzb/framework/web/CWebApplication.php(283): CController->run('assets-frontend')
#2 /Applications/MAMP/htdocs/hzb/framework/web/CWebApplication.php(142): CWebApplication->runController('site/assets-fro...')
#3 /Applications/MAMP/htdocs/hzb/framework/base/CApplication.php(162): CWebApplication->processRequest()
#4 /Applications/MAMP/htdocs/hzb/server_tm/index.php(13): CApplication->run()
#5 {main}
REQUEST_URI=/hzb/server_tm/index.php/site/assets-frontend/js/app.js
HTTP_REFERER=http://localhost/hzb/server_tm/index.php/site/index
---
2013/04/01 07:04:51 [error] [exception.CHttpException.404] exception 'CHttpException' with message 'The system is unable to find the requested action "assets-frontend".' in /Applications/MAMP/htdocs/hzb/framework/web/CController.php:484
Stack trace:
#0 /Applications/MAMP/htdocs/hzb/framework/web/CController.php(271): CController->missingAction('assets-frontend')
#1 /Applications/MAMP/htdocs/hzb/framework/web/CWebApplication.php(283): CController->run('assets-frontend')
#2 /Applications/MAMP/htdocs/hzb/framework/web/CWebApplication.php(142): CWebApplication->runController('site/assets-fro...')
#3 /Applications/MAMP/htdocs/hzb/framework/base/CApplication.php(162): CWebApplication->processRequest()
#4 /Applications/MAMP/htdocs/hzb/server_tm/index.php(13): CApplication->run()
#5 {main}
REQUEST_URI=/hzb/server_tm/index.php/site/assets-frontend/tool/bootstrap/js/bootstrap.js
HTTP_REFERER=http://localhost/hzb/server_tm/index.php/site/index
---
2013/04/01 07:04:51 [error] [exception.CHttpException.404] exception 'CHttpException' with message 'The system is unable to find the requested action "assets-frontend".' in /Applications/MAMP/htdocs/hzb/framework/web/CController.php:484
Stack trace:
#0 /Applications/MAMP/htdocs/hzb/framework/web/CController.php(271): CController->missingAction('assets-frontend')
#1 /Applications/MAMP/htdocs/hzb/framework/web/CWebApplication.php(283): CController->run('assets-frontend')
#2 /Applications/MAMP/htdocs/hzb/framework/web/CWebApplication.php(142): CWebApplication->runController('site/assets-fro...')
#3 /Applications/MAMP/htdocs/hzb/framework/base/CApplication.php(162): CWebApplication->processRequest()
#4 /Applications/MAMP/htdocs/hzb/server_tm/index.php(13): CApplication->run()
#5 {main}
REQUEST_URI=/hzb/server_tm/index.php/site/assets-frontend/img/name_home.png
HTTP_REFERER=http://localhost/hzb/server_tm/index.php/site/index
---
2013/04/01 07:04:51 [error] [exception.CHttpException.404] exception 'CHttpException' with message 'The system is unable to find the requested action "assets-frontend".' in /Applications/MAMP/htdocs/hzb/framework/web/CController.php:484
Stack trace:
#0 /Applications/MAMP/htdocs/hzb/framework/web/CController.php(271): CController->missingAction('assets-frontend')
#1 /Applications/MAMP/htdocs/hzb/framework/web/CWebApplication.php(283): CController->run('assets-frontend')
#2 /Applications/MAMP/htdocs/hzb/framework/web/CWebApplication.php(142): CWebApplication->runController('site/assets-fro...')
#3 /Applications/MAMP/htdocs/hzb/framework/base/CApplication.php(162): CWebApplication->processRequest()
#4 /Applications/MAMP/htdocs/hzb/server_tm/index.php(13): CApplication->run()
#5 {main}
REQUEST_URI=/hzb/server_tm/index.php/site/assets-frontend/img/name_jianshe.png
HTTP_REFERER=http://localhost/hzb/server_tm/index.php/site/index
---
2013/04/01 07:04:51 [error] [exception.CHttpException.404] exception 'CHttpException' with message 'The system is unable to find the requested action "assets-frontend".' in /Applications/MAMP/htdocs/hzb/framework/web/CController.php:484
Stack trace:
#0 /Applications/MAMP/htdocs/hzb/framework/web/CController.php(271): CController->missingAction('assets-frontend')
#1 /Applications/MAMP/htdocs/hzb/framework/web/CWebApplication.php(283): CController->run('assets-frontend')
#2 /Applications/MAMP/htdocs/hzb/framework/web/CWebApplication.php(142): CWebApplication->runController('site/assets-fro...')
#3 /Applications/MAMP/htdocs/hzb/framework/base/CApplication.php(162): CWebApplication->processRequest()
#4 /Applications/MAMP/htdocs/hzb/server_tm/index.php(13): CApplication->run()
#5 {main}
REQUEST_URI=/hzb/server_tm/index.php/site/assets-frontend/img/logo_title.png
HTTP_REFERER=http://localhost/hzb/server_tm/index.php/site/index
---
2013/04/01 07:04:51 [error] [exception.CHttpException.404] exception 'CHttpException' with message 'The system is unable to find the requested action "assets-frontend".' in /Applications/MAMP/htdocs/hzb/framework/web/CController.php:484
Stack trace:
#0 /Applications/MAMP/htdocs/hzb/framework/web/CController.php(271): CController->missingAction('assets-frontend')
#1 /Applications/MAMP/htdocs/hzb/framework/web/CWebApplication.php(283): CController->run('assets-frontend')
#2 /Applications/MAMP/htdocs/hzb/framework/web/CWebApplication.php(142): CWebApplication->runController('site/assets-fro...')
#3 /Applications/MAMP/htdocs/hzb/framework/base/CApplication.php(162): CWebApplication->processRequest()
#4 /Applications/MAMP/htdocs/hzb/server_tm/index.php(13): CApplication->run()
#5 {main}
REQUEST_URI=/hzb/server_tm/index.php/site/assets-frontend/img/name_shizi.png
HTTP_REFERER=http://localhost/hzb/server_tm/index.php/site/index
---
2013/04/01 07:04:51 [error] [exception.CHttpException.404] exception 'CHttpException' with message 'The system is unable to find the requested action "assets-frontend".' in /Applications/MAMP/htdocs/hzb/framework/web/CController.php:484
Stack trace:
#0 /Applications/MAMP/htdocs/hzb/framework/web/CController.php(271): CController->missingAction('assets-frontend')
#1 /Applications/MAMP/htdocs/hzb/framework/web/CWebApplication.php(283): CController->run('assets-frontend')
#2 /Applications/MAMP/htdocs/hzb/framework/web/CWebApplication.php(142): CWebApplication->runController('site/assets-fro...')
#3 /Applications/MAMP/htdocs/hzb/framework/base/CApplication.php(162): CWebApplication->processRequest()
#4 /Applications/MAMP/htdocs/hzb/server_tm/index.php(13): CApplication->run()
#5 {main}
REQUEST_URI=/hzb/server_tm/index.php/site/assets-frontend/img/name_dagang.png
HTTP_REFERER=http://localhost/hzb/server_tm/index.php/site/index
---
2013/04/01 07:04:51 [error] [exception.CHttpException.404] exception 'CHttpException' with message 'The system is unable to find the requested action "assets-frontend".' in /Applications/MAMP/htdocs/hzb/framework/web/CController.php:484
Stack trace:
#0 /Applications/MAMP/htdocs/hzb/framework/web/CController.php(271): CController->missingAction('assets-frontend')
#1 /Applications/MAMP/htdocs/hzb/framework/web/CWebApplication.php(283): CController->run('assets-frontend')
#2 /Applications/MAMP/htdocs/hzb/framework/web/CWebApplication.php(142): CWebApplication->runController('site/assets-fro...')
#3 /Applications/MAMP/htdocs/hzb/framework/base/CApplication.php(162): CWebApplication->processRequest()
#4 /Applications/MAMP/htdocs/hzb/server_tm/index.php(13): CApplication->run()
#5 {main}
REQUEST_URI=/hzb/server_tm/index.php/site/assets-frontend/img/name_ketang.png
HTTP_REFERER=http://localhost/hzb/server_tm/index.php/site/index
---
2013/04/01 07:04:51 [error] [exception.CHttpException.404] exception 'CHttpException' with message 'The system is unable to find the requested action "assets-frontend".' in /Applications/MAMP/htdocs/hzb/framework/web/CController.php:484
Stack trace:
#0 /Applications/MAMP/htdocs/hzb/framework/web/CController.php(271): CController->missingAction('assets-frontend')
#1 /Applications/MAMP/htdocs/hzb/framework/web/CWebApplication.php(283): CController->run('assets-frontend')
#2 /Applications/MAMP/htdocs/hzb/framework/web/CWebApplication.php(142): CWebApplication->runController('site/assets-fro...')
#3 /Applications/MAMP/htdocs/hzb/framework/base/CApplication.php(162): CWebApplication->processRequest()
#4 /Applications/MAMP/htdocs/hzb/server_tm/index.php(13): CApplication->run()
#5 {main}
REQUEST_URI=/hzb/server_tm/index.php/site/assets-frontend/img/name_kejian.png
HTTP_REFERER=http://localhost/hzb/server_tm/index.php/site/index
---
2013/04/01 07:04:51 [error] [exception.CHttpException.404] exception 'CHttpException' with message 'The system is unable to find the requested action "assets-frontend".' in /Applications/MAMP/htdocs/hzb/framework/web/CController.php:484
Stack trace:
#0 /Applications/MAMP/htdocs/hzb/framework/web/CController.php(271): CController->missingAction('assets-frontend')
#1 /Applications/MAMP/htdocs/hzb/framework/web/CWebApplication.php(283): CController->run('assets-frontend')
#2 /Applications/MAMP/htdocs/hzb/framework/web/CWebApplication.php(142): CWebApplication->runController('site/assets-fro...')
#3 /Applications/MAMP/htdocs/hzb/framework/base/CApplication.php(162): CWebApplication->processRequest()
#4 /Applications/MAMP/htdocs/hzb/server_tm/index.php(13): CApplication->run()
#5 {main}
REQUEST_URI=/hzb/server_tm/index.php/site/assets-frontend/img/name_jiaocai.png
HTTP_REFERER=http://localhost/hzb/server_tm/index.php/site/index
---
2013/04/01 07:04:51 [error] [exception.CHttpException.404] exception 'CHttpException' with message 'The system is unable to find the requested action "assets-frontend".' in /Applications/MAMP/htdocs/hzb/framework/web/CController.php:484
Stack trace:
#0 /Applications/MAMP/htdocs/hzb/framework/web/CController.php(271): CController->missingAction('assets-frontend')
#1 /Applications/MAMP/htdocs/hzb/framework/web/CWebApplication.php(283): CController->run('assets-frontend')
#2 /Applications/MAMP/htdocs/hzb/framework/web/CWebApplication.php(142): CWebApplication->runController('site/assets-fro...')
#3 /Applications/MAMP/htdocs/hzb/framework/base/CApplication.php(162): CWebApplication->processRequest()
#4 /Applications/MAMP/htdocs/hzb/server_tm/index.php(13): CApplication->run()
#5 {main}
REQUEST_URI=/hzb/server_tm/index.php/site/assets-frontend/img/nav_contact.png
HTTP_REFERER=http://localhost/hzb/server_tm/index.php/site/index
---
2013/04/01 07:04:51 [error] [exception.CHttpException.404] exception 'CHttpException' with message 'The system is unable to find the requested action "assets-frontend".' in /Applications/MAMP/htdocs/hzb/framework/web/CController.php:484
Stack trace:
#0 /Applications/MAMP/htdocs/hzb/framework/web/CController.php(271): CController->missingAction('assets-frontend')
#1 /Applications/MAMP/htdocs/hzb/framework/web/CWebApplication.php(283): CController->run('assets-frontend')
#2 /Applications/MAMP/htdocs/hzb/framework/web/CWebApplication.php(142): CWebApplication->runController('site/assets-fro...')
#3 /Applications/MAMP/htdocs/hzb/framework/base/CApplication.php(162): CWebApplication->processRequest()
#4 /Applications/MAMP/htdocs/hzb/server_tm/index.php(13): CApplication->run()
#5 {main}
REQUEST_URI=/hzb/server_tm/index.php/site/assets-frontend/img/nav_download.png
HTTP_REFERER=http://localhost/hzb/server_tm/index.php/site/index
---
